{"SourceName":"Microsoft-Windows-Security-SPP","ProviderGuid":"{E23B33B0-C8C9-472C-A5F9-F2BDFEA0F156}","Level":"4","Keywords":"0x80000000000000","Channel":"Application","Hostname":"Pedro01","TimeCreated":"2022-08-03T04:42:53.616Z","@timestamp":"2022-08-03T04:42:53.616Z","EventID":16384,"Message":"Successfully scheduled Software Protection service for re-start at 2022-08-04T18:34:53Z. Reason: RulesEngine.","Task":"0"}
{"SourceName":"Microsoft-Windows-Security-Auditing","ProviderGuid":"{54849625-5478-4994-a5ba-3e3b0328c30d}","Level":"0","Keywords":"0x8020000000000000","Channel":"Security","Hostname":"Pedro01","TimeCreated":"2022-08-03T04:42:50.174Z","@timestamp":"2022-08-03T04:42:50.174Z","EventID":5156,"Message":"The Windows Filtering Platform has permitted a connection.\r\n\r\nApplication Information:\r\n\tProcess ID:\t\t4\r\n\tApplication Name:\tSystem\r\n\r\nNetwork Information:\r\n\tDirection:\t\tOutbound\r\n\tSource Address:\t\t192.168.56.43\r\n\tSource Port:\t\t138\r\n\tDestination Address:\t192.168.56.255\r\n\tDestination Port:\t\t138\r\n\tProtocol:\t\t17\r\n\r\nFilter Information:\r\n\tFilter Run-Time ID:\t78178\r\n\tLayer Name:\t\tConnect\r\n\tLayer Run-Time ID:\t48","Task":"12810","ProcessID":"4","Application":"System","Direction":"%%14593","SourceAddress":"192.168.56.43","SourcePort":"138","DestAddress":"192.168.56.255","DestPort":"138","Protocol":"17","FilterRTID":"78178","LayerName":"%%14611","LayerRTID":"48","RemoteUserID":"S-1-0-0","RemoteMachineID":"S-1-0-0"}
{"SourceName":"Microsoft-Windows-Security-Auditing","ProviderGuid":"{54849625-5478-4994-a5ba-3e3b0328c30d}","Level":"0","Keywords":"0x8020000000000000","Channel":"Security","Hostname":"Pedro01","TimeCreated":"2022-08-03T04:42:52.352Z","@timestamp":"2022-08-03T04:42:52.352Z","EventID":4688,"Message":"A new process has been created.\r\n\r\nCreator Subject:\r\n\tSecurity ID:\t\tS-1-5-18\r\n\tAccount Name:\t\tPEDRO01$\r\n\tAccount Domain:\t\tWORKGROUP\r\n\tLogon ID:\t\t0x3E7\r\n\r\nTarget Subject:\r\n\tSecurity ID:\t\tS-1-0-0\r\n\tAccount Name:\t\tIT01-Pedro\r\n\tAccount Domain:\t\tPEDRO01\r\n\tLogon ID:\t\t0x3673C\r\n\r\nProcess Information:\r\n\tNew Process ID:\t\t0x1868\r\n\tNew Process Name:\tC:\\Windows\\System32\\smartscreen.exe\r\n\tToken Elevation Type:\t%%1936\r\n\tMandatory Label:\t\tS-1-16-8192\r\n\tCreator Process ID:\t0x31c\r\n\tCreator Process Name:\tC:\\Windows\\System32\\svchost.exe\r\n\tProcess Command Line:\t\r\n\r\nToken Elevation Type indicates the type of token that was assigned to the new process in accordance with User Account Control policy.\r\n\r\nType 1 is a full token with no privileges removed or groups disabled.  A full token is only used if User Account Control is disabled or if the user is the built-in Administrator account or a service account.\r\n\r\nType 2 is an elevated token with no privileges removed or groups disabled.  An elevated token is used when User Account Control is enabled and the user chooses to start the program using Run as administrator.  An elevated token is also used when an application is configured to always require administrative privilege or to always require maximum privilege, and the user is a member of the Administrators group.\r\n\r\nType 3 is a limited token with administrative privileges removed and administrative groups disabled.  The limited token is used when User Account Control is enabled, the application does not require administrative privilege, and the user does not choose to start the program using Run as administrator.","Task":"13312","SubjectUserSid":"S-1-5-18","SubjectUserName":"PEDRO01$","SubjectDomainName":"WORKGROUP","SubjectLogonId":"0x3e7","NewProcessId":"0x1868","NewProcessName":"C:\\Windows\\System32\\smartscreen.exe","TokenElevationType":"%%1936","ProcessId":"0x31c","CommandLine":null,"TargetUserSid":"S-1-0-0","TargetUserName":"IT01-Pedro","TargetDomainName":"PEDRO01","TargetLogonId":"0x3673c","ParentProcessName":"C:\\Windows\\System32\\svchost.exe","MandatoryLabel":"S-1-16-8192"}
{"SourceName":"Microsoft-Windows-Security-Auditing","ProviderGuid":"{54849625-5478-4994-a5ba-3e3b0328c30d}","Level":"0","Keywords":"0x8010000000000000","Channel":"Security","Hostname":"Pedro01","TimeCreated":"2022-08-03T04:42:52.483Z","@timestamp":"2022-08-03T04:42:52.483Z","EventID":4673,"Message":"A privileged service was called.\r\n\r\nSubject:\r\n\tSecurity ID:\t\tS-1-5-21-968647429-258479840-2507984072-1002\r\n\tAccount Name:\t\tIT01-Pedro\r\n\tAccount Domain:\t\tPEDRO01\r\n\tLogon ID:\t\t0x3673C\r\n\r\nService:\r\n\tServer:\tSecurity\r\n\tService Name:\t-\r\n\r\nProcess:\r\n\tProcess ID:\t0x1868\r\n\tProcess Name:\tC:\\Windows\\System32\\smartscreen.exe\r\n\r\nService Request Information:\r\n\tPrivileges:\t\tSeProfileSingleProcessPrivilege","Task":"13056","SubjectUserSid":"S-1-5-21-968647429-258479840-2507984072-1002","SubjectUserName":"IT01-Pedro","SubjectDomainName":"PEDRO01","SubjectLogonId":"0x3673c","ObjectServer":"Security","Service":"-","PrivilegeList":"SeProfileSingleProcessPrivilege","ProcessId":"0x1868","ProcessName":"C:\\Windows\\System32\\smartscreen.exe"}
{"SourceName":"Microsoft-Windows-Security-Auditing","ProviderGuid":"{54849625-5478-4994-a5ba-3e3b0328c30d}","Level":"0","Keywords":"0x8020000000000000","Channel":"Security","Hostname":"Pedro01","TimeCreated":"2022-08-03T04:42:53.241Z","@timestamp":"2022-08-03T04:42:53.241Z","EventID":5379,"Message":"Credential Manager credentials were read.\r\n\r\nSubject:\r\n\tSecurity ID:\t\tS-1-5-21-968647429-258479840-2507984072-1002\r\n\tAccount Name:\t\tIT01-Pedro\r\n\tAccount Domain:\t\tPEDRO01\r\n\tLogon ID:\t\t0x3673C\r\n\tRead Operation:\t\tEnumerate Credentials\r\n\r\nThis event occurs when a user performs a read operation on stored credentials in Credential Manager.","Task":"13824","SubjectUserSid":"S-1-5-21-968647429-258479840-2507984072-1002","SubjectUserName":"IT01-Pedro","SubjectDomainName":"PEDRO01","SubjectLogonId":"0x3673c","TargetName":"MicrosoftAccount:user=02xuplgjnzxgobfx","Type":"0","CountOfCredentialsReturned":"0","ReadOperation":"%%8100","ReturnCode":"3221226021","ProcessCreationTime":"2022-08-03T18:32:13.156002300Z","ClientProcessId":"2716"}
{"SourceName":"Microsoft-Windows-Security-Auditing","ProviderGuid":"{54849625-5478-4994-a5ba-3e3b0328c30d}","Level":"0","Keywords":"0x8020000000000000","Channel":"Security","Hostname":"Pedro01","TimeCreated":"2022-08-03T04:42:53.241Z","@timestamp":"2022-08-03T04:42:53.241Z","EventID":5379,"Message":"Credential Manager credentials were read.\r\n\r\nSubject:\r\n\tSecurity ID:\t\tS-1-5-21-968647429-258479840-2507984072-1002\r\n\tAccount Name:\t\tIT01-Pedro\r\n\tAccount Domain:\t\tPEDRO01\r\n\tLogon ID:\t\t0x3673C\r\n\tRead Operation:\t\tEnumerate Credentials\r\n\r\nThis event occurs when a user performs a read operation on stored credentials in Credential Manager.","Task":"13824","SubjectUserSid":"S-1-5-21-968647429-258479840-2507984072-1002","SubjectUserName":"IT01-Pedro","SubjectDomainName":"PEDRO01","SubjectLogonId":"0x3673c","TargetName":"WindowsLive:(token):name=02xuplgjnzxgobfx;serviceuri=*","Type":"0","CountOfCredentialsReturned":"0","ReadOperation":"%%8100","ReturnCode":"3221226021","ProcessCreationTime":"2022-08-03T18:32:13.156002300Z","ClientProcessId":"2716"}
{"SourceName":"Microsoft-Windows-Security-Auditing","ProviderGuid":"{54849625-5478-4994-a5ba-3e3b0328c30d}","Level":"0","Keywords":"0x8020000000000000","Channel":"Security","Hostname":"Pedro01","TimeCreated":"2022-08-03T04:42:53.242Z","@timestamp":"2022-08-03T04:42:53.242Z","EventID":5379,"Message":"Credential Manager credentials were read.\r\n\r\nSubject:\r\n\tSecurity ID:\t\tS-1-5-21-968647429-258479840-2507984072-1002\r\n\tAccount Name:\t\tIT01-Pedro\r\n\tAccount Domain:\t\tPEDRO01\r\n\tLogon ID:\t\t0x3673C\r\n\tRead Operation:\t\tEnumerate Credentials\r\n\r\nThis event occurs when a user performs a read operation on stored credentials in Credential Manager.","Task":"13824","SubjectUserSid":"S-1-5-21-968647429-258479840-2507984072-1002","SubjectUserName":"IT01-Pedro","SubjectDomainName":"PEDRO01","SubjectLogonId":"0x3673c","TargetName":"WindowsLive:(cert):name=02xuplgjnzxgobfx;serviceuri=*","Type":"0","CountOfCredentialsReturned":"0","ReadOperation":"%%8100","ReturnCode":"3221226021","ProcessCreationTime":"2022-08-03T18:32:13.156002300Z","ClientProcessId":"2716"}
{"SourceName":"Microsoft-Windows-Security-Auditing","ProviderGuid":"{54849625-5478-4994-a5ba-3e3b0328c30d}","Level":"0","Keywords":"0x8020000000000000","Channel":"Security","Hostname":"Pedro01","TimeCreated":"2022-08-03T04:42:53.243Z","@timestamp":"2022-08-03T04:42:53.243Z","EventID":5379,"Message":"Credential Manager credentials were read.\r\n\r\nSubject:\r\n\tSecurity ID:\t\tS-1-5-21-968647429-258479840-2507984072-1002\r\n\tAccount Name:\t\tIT01-Pedro\r\n\tAccount Domain:\t\tPEDRO01\r\n\tLogon ID:\t\t0x3673C\r\n\tRead Operation:\t\tEnumerate Credentials\r\n\r\nThis event occurs when a user performs a read operation on stored credentials in Credential Manager.","Task":"13824","SubjectUserSid":"S-1-5-21-968647429-258479840-2507984072-1002","SubjectUserName":"IT01-Pedro","SubjectDomainName":"PEDRO01","SubjectLogonId":"0x3673c","TargetName":"MicrosoftAccount:user=02xuplgjnzxgobfx","Type":"0","CountOfCredentialsReturned":"0","ReadOperation":"%%8100","ReturnCode":"3221226021","ProcessCreationTime":"2022-08-03T18:32:13.156002300Z","ClientProcessId":"2716"}
{"SourceName":"Microsoft-Windows-Security-Auditing","ProviderGuid":"{54849625-5478-4994-a5ba-3e3b0328c30d}","Level":"0","Keywords":"0x8020000000000000","Channel":"Security","Hostname":"Pedro01","TimeCreated":"2022-08-03T04:42:53.243Z","@timestamp":"2022-08-03T04:42:53.243Z","EventID":5379,"Message":"Credential Manager credentials were read.\r\n\r\nSubject:\r\n\tSecurity ID:\t\tS-1-5-21-968647429-258479840-2507984072-1002\r\n\tAccount Name:\t\tIT01-Pedro\r\n\tAccount Domain:\t\tPEDRO01\r\n\tLogon ID:\t\t0x3673C\r\n\tRead Operation:\t\tEnumerate Credentials\r\n\r\nThis event occurs when a user performs a read operation on stored credentials in Credential Manager.","Task":"13824","SubjectUserSid":"S-1-5-21-968647429-258479840-2507984072-1002","SubjectUserName":"IT01-Pedro","SubjectDomainName":"PEDRO01","SubjectLogonId":"0x3673c","TargetName":"WindowsLive:(token):name=02xuplgjnzxgobfx;serviceuri=*","Type":"0","CountOfCredentialsReturned":"0","ReadOperation":"%%8100","ReturnCode":"3221226021","ProcessCreationTime":"2022-08-03T18:32:13.156002300Z","ClientProcessId":"2716"}
{"SourceName":"Microsoft-Windows-Security-Auditing","ProviderGuid":"{54849625-5478-4994-a5ba-3e3b0328c30d}","Level":"0","Keywords":"0x8020000000000000","Channel":"Security","Hostname":"Pedro01","TimeCreated":"2022-08-03T04:42:53.243Z","@timestamp":"2022-08-03T04:42:53.243Z","EventID":5379,"Message":"Credential Manager credentials were read.\r\n\r\nSubject:\r\n\tSecurity ID:\t\tS-1-5-21-968647429-258479840-2507984072-1002\r\n\tAccount Name:\t\tIT01-Pedro\r\n\tAccount Domain:\t\tPEDRO01\r\n\tLogon ID:\t\t0x3673C\r\n\tRead Operation:\t\tEnumerate Credentials\r\n\r\nThis event occurs when a user performs a read operation on stored credentials in Credential Manager.","Task":"13824","SubjectUserSid":"S-1-5-21-968647429-258479840-2507984072-1002","SubjectUserName":"IT01-Pedro","SubjectDomainName":"PEDRO01","SubjectLogonId":"0x3673c","TargetName":"WindowsLive:(cert):name=02xuplgjnzxgobfx;serviceuri=*","Type":"0","CountOfCredentialsReturned":"0","ReadOperation":"%%8100","ReturnCode":"3221226021","ProcessCreationTime":"2022-08-03T18:32:13.156002300Z","ClientProcessId":"2716"}
{"SourceName":"Microsoft-Windows-Security-Auditing","ProviderGuid":"{54849625-5478-4994-a5ba-3e3b0328c30d}","Level":"0","Keywords":"0x8020000000000000","Channel":"Security","Hostname":"Pedro01","TimeCreated":"2022-08-03T04:42:53.353Z","@timestamp":"2022-08-03T04:42:53.353Z","EventID":5379,"Message":"Credential Manager credentials were read.\r\n\r\nSubject:\r\n\tSecurity ID:\t\tS-1-5-21-968647429-258479840-2507984072-1002\r\n\tAccount Name:\t\tIT01-Pedro\r\n\tAccount Domain:\t\tPEDRO01\r\n\tLogon ID:\t\t0x3673C\r\n\tRead Operation:\t\tEnumerate Credentials\r\n\r\nThis event occurs when a user performs a read operation on stored credentials in Credential Manager.","Task":"13824","SubjectUserSid":"S-1-5-21-968647429-258479840-2507984072-1002","SubjectUserName":"IT01-Pedro","SubjectDomainName":"PEDRO01","SubjectLogonId":"0x3673c","TargetName":"MicrosoftAccount:user=02xuplgjnzxgobfx","Type":"0","CountOfCredentialsReturned":"0","ReadOperation":"%%8100","ReturnCode":"3221226021","ProcessCreationTime":"2022-08-03T18:32:13.156002300Z","ClientProcessId":"2716"}
{"SourceName":"Microsoft-Windows-Security-Auditing","ProviderGuid":"{54849625-5478-4994-a5ba-3e3b0328c30d}","Level":"0","Keywords":"0x8020000000000000","Channel":"Security","Hostname":"Pedro01","TimeCreated":"2022-08-03T04:42:53.419Z","@timestamp":"2022-08-03T04:42:53.419Z","EventID":5379,"Message":"Credential Manager credentials were read.\r\n\r\nSubject:\r\n\tSecurity ID:\t\tS-1-5-21-968647429-258479840-2507984072-1002\r\n\tAccount Name:\t\tIT01-Pedro\r\n\tAccount Domain:\t\tPEDRO01\r\n\tLogon ID:\t\t0x3673C\r\n\tRead Operation:\t\tEnumerate Credentials\r\n\r\nThis event occurs when a user performs a read operation on stored credentials in Credential Manager.","Task":"13824","SubjectUserSid":"S-1-5-21-968647429-258479840-2507984072-1002","SubjectUserName":"IT01-Pedro","SubjectDomainName":"PEDRO01","SubjectLogonId":"0x3673c","TargetName":"MicrosoftAccount:user=02xuplgjnzxgobfx","Type":"0","CountOfCredentialsReturned":"0","ReadOperation":"%%8100","ReturnCode":"3221226021","ProcessCreationTime":"2022-08-03T18:32:13.156002300Z","ClientProcessId":"2716"}
{"SourceName":"Microsoft-Windows-Security-Auditing","ProviderGuid":"{54849625-5478-4994-a5ba-3e3b0328c30d}","Level":"0","Keywords":"0x8020000000000000","Channel":"Security","Hostname":"Pedro01","TimeCreated":"2022-08-03T04:42:53.619Z","@timestamp":"2022-08-03T04:42:53.619Z","EventID":4702,"Message":"A scheduled task was updated.\r\n\r\nSubject:\r\n\tSecurity ID:\t\tS-1-5-20\r\n\tAccount Name:\t\tPEDRO01$\r\n\tAccount Domain:\t\tWORKGROUP\r\n\tLogon ID:\t\t0x3E4\r\n\r\nTask Information:\r\n\tTask Name: \t\t\\Microsoft\\Windows\\SoftwareProtectionPlatform\\SvcRestartTask\r\n\tTask New Content: \t\t\u003c?xml version=\"1.0\" encoding=\"UTF-16\"?\u003e\r\n\u003cTask version=\"1.6\" xmlns=\"http://schemas.microsoft.com/windows/2004/02/mit/task\"\u003e\r\n  \u003cRegistrationInfo\u003e\r\n    \u003cSource\u003e$(@%systemroot%\\system32\\sppc.dll,-200)\u003c/Source\u003e\r\n    \u003cAuthor\u003e$(@%systemroot%\\system32\\sppc.dll,-200)\u003c/Author\u003e\r\n    \u003cVersion\u003e1.0\u003c/Version\u003e\r\n    \u003cDescription\u003e$(@%systemroot%\\system32\\sppc.dll,-201)\u003c/Description\u003e\r\n    \u003cURI\u003e\\Microsoft\\Windows\\SoftwareProtectionPlatform\\SvcRestartTask\u003c/URI\u003e\r\n    \u003cSecurityDescriptor\u003eD:P(A;;FA;;;SY)(A;;FA;;;BA)(A;;FA;;;S-1-5-80-123231216-2592883651-3715271367-3753151631-4175906628)(A;;FR;;;S-1-5-87-2912274048-3994893941-1669128114-1310430903-1263774323)\u003c/SecurityDescriptor\u003e\r\n  \u003c/RegistrationInfo\u003e\r\n  \u003cTriggers\u003e\r\n    \u003cCalendarTrigger\u003e\r\n      \u003cStartBoundary\u003e2022-08-04T18:34:53Z\u003c/StartBoundary\u003e\r\n      \u003cEnabled\u003etrue\u003c/Enabled\u003e\r\n      \u003cScheduleByDay\u003e\r\n        \u003cDaysInterval\u003e1\u003c/DaysInterval\u003e\r\n      \u003c/ScheduleByDay\u003e\r\n    \u003c/CalendarTrigger\u003e\r\n  \u003c/Triggers\u003e\r\n  \u003cPrincipals\u003e\r\n    \u003cPrincipal id=\"NetworkService\"\u003e\r\n      \u003cUserId\u003eS-1-5-20\u003c/UserId\u003e\r\n      \u003cRunLevel\u003eLeastPrivilege\u003c/RunLevel\u003e\r\n    \u003c/Principal\u003e\r\n  \u003c/Principals\u003e\r\n  \u003cSettings\u003e\r\n    \u003cMultipleInstancesPolicy\u003eIgnoreNew\u003c/MultipleInstancesPolicy\u003e\r\n    \u003cDisallowStartIfOnBatteries\u003efalse\u003c/DisallowStartIfOnBatteries\u003e\r\n    \u003cStopIfGoingOnBatteries\u003efalse\u003c/StopIfGoingOnBatteries\u003e\r\n    \u003cAllowHardTerminate\u003efalse\u003c/AllowHardTerminate\u003e\r\n    \u003cStartWhenAvailable\u003etrue\u003c/StartWhenAvailable\u003e\r\n    \u003cRunOnlyIfNetworkAvailable\u003efalse\u003c/RunOnlyIfNetworkAvailable\u003e\r\n    \u003cIdleSettings\u003e\r\n      \u003cStopOnIdleEnd\u003etrue\u003c/StopOnIdleEnd\u003e\r\n      \u003cRestartOnIdle\u003efalse\u003c/RestartOnIdle\u003e\r\n    \u003c/IdleSettings\u003e\r\n    \u003cAllowStartOnDemand\u003etrue\u003c/AllowStartOnDemand\u003e\r\n    \u003cEnabled\u003etrue\u003c/Enabled\u003e\r\n    \u003cHidden\u003etrue\u003c/Hidden\u003e\r\n    \u003cRunOnlyIfIdle\u003efalse\u003c/RunOnlyIfIdle\u003e\r\n    \u003cDisallowStartOnRemoteAppSession\u003efalse\u003c/DisallowStartOnRemoteAppSession\u003e\r\n    \u003cUseUnifiedSchedulingEngine\u003etrue\u003c/UseUnifiedSchedulingEngine\u003e\r\n    \u003cWakeToRun\u003efalse\u003c/WakeToRun\u003e\r\n    \u003cExecutionTimeLimit\u003ePT0S\u003c/ExecutionTimeLimit\u003e\r\n    \u003cPriority\u003e7\u003c/Priority\u003e\r\n    \u003cRestartOnFailure\u003e\r\n      \u003cInterval\u003ePT1M\u003c/Interval\u003e\r\n      \u003cCount\u003e3\u003c/Count\u003e\r\n    \u003c/RestartOnFailure\u003e\r\n  \u003c/Settings\u003e\r\n  \u003cActions Context=\"NetworkService\"\u003e\r\n    \u003cComHandler\u003e\r\n      \u003cClassId\u003e{B1AEBB5D-EAD9-4476-B375-9C3ED9F32AFC}\u003c/ClassId\u003e\r\n      \u003cData\u003e\u003c![CDATA[timer]]\u003e\u003c/Data\u003e\r\n    \u003c/ComHandler\u003e\r\n  \u003c/Actions\u003e\r\n\u003c/Task\u003e\r\n\t","Task":"12804","SubjectUserSid":"S-1-5-20","SubjectUserName":"PEDRO01$","SubjectDomainName":"WORKGROUP","SubjectLogonId":"0x3e4","TaskName":"\\Microsoft\\Windows\\SoftwareProtectionPlatform\\SvcRestartTask","TaskContentNew":"\u003c?xml version=\"1.0\" encoding=\"UTF-16\"?\u003e\n\u003cTask version=\"1.6\" xmlns=\"http://schemas.microsoft.com/windows/2004/02/mit/task\"\u003e\n  \u003cRegistrationInfo\u003e\n    \u003cSource\u003e$(@%systemroot%\\system32\\sppc.dll,-200)\u003c/Source\u003e\n    \u003cAuthor\u003e$(@%systemroot%\\system32\\sppc.dll,-200)\u003c/Author\u003e\n    \u003cVersion\u003e1.0\u003c/Version\u003e\n    \u003cDescription\u003e$(@%systemroot%\\system32\\sppc.dll,-201)\u003c/Description\u003e\n    \u003cURI\u003e\\Microsoft\\Windows\\SoftwareProtectionPlatform\\SvcRestartTask\u003c/URI\u003e\n    \u003cSecurityDescriptor\u003eD:P(A;;FA;;;SY)(A;;FA;;;BA)(A;;FA;;;S-1-5-80-123231216-2592883651-3715271367-3753151631-4175906628)(A;;FR;;;S-1-5-87-2912274048-3994893941-1669128114-1310430903-1263774323)\u003c/SecurityDescriptor\u003e\n  \u003c/RegistrationInfo\u003e\n  \u003cTriggers\u003e\n    \u003cCalendarTrigger\u003e\n      \u003cStartBoundary\u003e2022-08-04T18:34:53Z\u003c/StartBoundary\u003e\n      \u003cEnabled\u003etrue\u003c/Enabled\u003e\n      \u003cScheduleByDay\u003e\n        \u003cDaysInterval\u003e1\u003c/DaysInterval\u003e\n      \u003c/ScheduleByDay\u003e\n    \u003c/CalendarTrigger\u003e\n  \u003c/Triggers\u003e\n  \u003cPrincipals\u003e\n    \u003cPrincipal id=\"NetworkService\"\u003e\n      \u003cUserId\u003eS-1-5-20\u003c/UserId\u003e\n      \u003cRunLevel\u003eLeastPrivilege\u003c/RunLevel\u003e\n    \u003c/Principal\u003e\n  \u003c/Principals\u003e\n  \u003cSettings\u003e\n    \u003cMultipleInstancesPolicy\u003eIgnoreNew\u003c/MultipleInstancesPolicy\u003e\n    \u003cDisallowStartIfOnBatteries\u003efalse\u003c/DisallowStartIfOnBatteries\u003e\n    \u003cStopIfGoingOnBatteries\u003efalse\u003c/StopIfGoingOnBatteries\u003e\n    \u003cAllowHardTerminate\u003efalse\u003c/AllowHardTerminate\u003e\n    \u003cStartWhenAvailable\u003etrue\u003c/StartWhenAvailable\u003e\n    \u003cRunOnlyIfNetworkAvailable\u003efalse\u003c/RunOnlyIfNetworkAvailable\u003e\n    \u003cIdleSettings\u003e\n      \u003cStopOnIdleEnd\u003etrue\u003c/StopOnIdleEnd\u003e\n      \u003cRestartOnIdle\u003efalse\u003c/RestartOnIdle\u003e\n    \u003c/IdleSettings\u003e\n    \u003cAllowStartOnDemand\u003etrue\u003c/AllowStartOnDemand\u003e\n    \u003cEnabled\u003etrue\u003c/Enabled\u003e\n    \u003cHidden\u003etrue\u003c/Hidden\u003e\n    \u003cRunOnlyIfIdle\u003efalse\u003c/RunOnlyIfIdle\u003e\n    \u003cDisallowStartOnRemoteAppSession\u003efalse\u003c/DisallowStartOnRemoteAppSession\u003e\n    \u003cUseUnifiedSchedulingEngine\u003etrue\u003c/UseUnifiedSchedulingEngine\u003e\n    \u003cWakeToRun\u003efalse\u003c/WakeToRun\u003e\n    \u003cExecutionTimeLimit\u003ePT0S\u003c/ExecutionTimeLimit\u003e\n    \u003cPriority\u003e7\u003c/Priority\u003e\n    \u003cRestartOnFailure\u003e\n      \u003cInterval\u003ePT1M\u003c/Interval\u003e\n      \u003cCount\u003e3\u003c/Count\u003e\n    \u003c/RestartOnFailure\u003e\n  \u003c/Settings\u003e\n  \u003cActions Context=\"NetworkService\"\u003e\n    \u003cComHandler\u003e\n      \u003cClassId\u003e{B1AEBB5D-EAD9-4476-B375-9C3ED9F32AFC}\u003c/ClassId\u003e\n      \u003cData\u003e\u003c![CDATA[timer]]\u003e\u003c/Data\u003e\n    \u003c/ComHandler\u003e\n  \u003c/Actions\u003e\n\u003c/Task\u003e"}
{"SourceName":"Microsoft-Windows-Security-Auditing","ProviderGuid":"{54849625-5478-4994-a5ba-3e3b0328c30d}","Level":"0","Keywords":"0x8020000000000000","Channel":"Security","Hostname":"Pedro01","TimeCreated":"2022-08-03T04:42:53.665Z","@timestamp":"2022-08-03T04:42:53.665Z","EventID":4689,"Message":"A process has exited.\r\n\r\nSubject:\r\n\tSecurity ID:\t\tS-1-5-20\r\n\tAccount Name:\t\tPEDRO01$\r\n\tAccount Domain:\t\tWORKGROUP\r\n\tLogon ID:\t\t0x3E4\r\n\r\nProcess Information:\r\n\tProcess ID:\t0x202c\r\n\tProcess Name:\tC:\\Windows\\System32\\SppExtComObj.Exe\r\n\tExit Status:\t0x0","Task":"13313","SubjectUserSid":"S-1-5-20","SubjectUserName":"PEDRO01$","SubjectDomainName":"WORKGROUP","SubjectLogonId":"0x3e4","Status":"0x0","ProcessId":"0x202c","ProcessName":"C:\\Windows\\System32\\SppExtComObj.Exe"}